<?xml version="1.0" encoding="UTF-8"?>
<testng-results ignored="0" total="1" passed="1" failed="0" skipped="0">
  <reporter-output>
  </reporter-output>
  <suite started-at="2024-05-13T01:27:46 IST" name="Suite" finished-at="2024-05-13T01:28:57 IST" duration-ms="70258">
    <groups>
    </groups>
    <test started-at="2024-05-13T01:27:46 IST" name="Test" finished-at="2024-05-13T01:28:57 IST" duration-ms="70258">
      <class name="Amazon_Test.Amazon_SuccesfulRegistration">
        <test-method is-config="true" signature="Launch(java.lang.String)[pri:0, instance:Amazon_Test.Amazon_SuccesfulRegistration@409bf450]" started-at="2024-05-13T01:27:46 IST" name="Launch" finished-at="2024-05-13T01:27:49 IST" duration-ms="3083" status="PASS">
          <params>
            <param index="0">
              <value>
                <![CDATA[chrome]]>
              </value>
            </param>
          </params>
          <reporter-output>
          </reporter-output>
        </test-method> <!-- Launch -->
        <test-method signature="SuccessfullRegistration()[pri:0, instance:Amazon_Test.Amazon_SuccesfulRegistration@409bf450]" started-at="2024-05-13T01:27:49 IST" name="SuccessfullRegistration" finished-at="2024-05-13T01:28:55 IST" duration-ms="65771" status="PASS">
          <reporter-output>
          </reporter-output>
        </test-method> <!-- SuccessfullRegistration -->
        <test-method is-config="true" signature="Quit()[pri:0, instance:Amazon_Test.Amazon_SuccesfulRegistration@409bf450]" started-at="2024-05-13T01:28:55 IST" name="Quit" finished-at="2024-05-13T01:28:57 IST" duration-ms="1287" status="PASS">
          <reporter-output>
          </reporter-output>
        </test-method> <!-- Quit -->
      </class> <!-- Amazon_Test.Amazon_SuccesfulRegistration -->
    </test> <!-- Test -->
  </suite> <!-- Suite -->
</testng-results>
